<?xml version="1.0" encoding="UTF-8"?>
<!-- Generated by org.testng.reporters.JUnitReportReporter -->
<testsuite hostname="Sujiths-Mac.local" name="TestTeachaway.validateTitle2" tests="2" failures="0" timestamp="28 Nov 2019 02:23:02 GMT" time="17.056" errors="0">
  <testcase name="clickItem" time="16.904" classname="TestTeachaway.validateTitle2"/>
  <testcase name="teardown" time="0.152" classname="TestTeachaway.validateTitle2"/>
</testsuite> <!-- TestTeachaway.validateTitle2 -->
