<?xml version="1.0" encoding="UTF-8"?>
<!-- Generated by org.testng.reporters.JUnitReportReporter -->
<testsuite hostname="Sujiths-Mac.local" name="TestTeachaway.AppTest" tests="1" failures="0" timestamp="27 Nov 2019 05:15:06 GMT" time="0.002" errors="0">
  <testcase name="testApp" time="0.002" classname="TestTeachaway.AppTest"/>
</testsuite> <!-- TestTeachaway.AppTest -->
